<?xml version="1.0" encoding="UTF-8"?>
<!-- Generated by org.testng.reporters.JUnitReportReporter -->
<testsuite hostname="DESKTOP-9F8V9M9" failures="0" tests="3" name="testNG_Programs.FirstPrgmDemo" time="0.032" errors="0" timestamp="2023-08-08T13:04:33 EDT" skipped="0">
  <testcase classname="testNG_Programs.FirstPrgmDemo" name="h" time="0.011"/>
  <testcase classname="testNG_Programs.FirstPrgmDemo" name="z" time="0.016"/>
  <testcase classname="testNG_Programs.FirstPrgmDemo" name="l" time="0.005"/>
</testsuite> <!-- testNG_Programs.FirstPrgmDemo -->
