<?xml version="1.0" encoding="UTF-8"?>
<!-- Generated by org.testng.reporters.JUnitReportReporter -->
<testsuite hostname="DESKTOP-9F8V9M9" failures="0" tests="2" name="testNG_Programs.AnnotationsDemo1" time="0.110" errors="0" timestamp="2023-08-08T13:04:33 EDT" skipped="0">
  <testcase classname="testNG_Programs.AnnotationsDemo1" name="d" time="0.069"/>
  <testcase classname="testNG_Programs.AnnotationsDemo1" name="g" time="0.041"/>
</testsuite> <!-- testNG_Programs.AnnotationsDemo1 -->
