<?xml version="1.0" encoding="UTF-8"?>
<!-- Generated by org.testng.reporters.JUnitReportReporter -->
<testsuite hostname="DESKTOP-9F8V9M9" failures="0" tests="2" name="testNG_Programs.FirstTest" time="0.062" errors="0" timestamp="2023-07-27T18:58:07 EDT" skipped="0">
  <testcase classname="testNG_Programs.FirstTest" name="AAB" time="0.049"/>
  <testcase classname="testNG_Programs.FirstTest" name="AAC" time="0.013"/>
</testsuite> <!-- testNG_Programs.FirstTest -->
