<?xml version="1.0" encoding="UTF-8"?>
<!-- Generated by org.testng.reporters.JUnitReportReporter -->
<testsuite hostname="DESKTOP-9F8V9M9" failures="0" tests="3" name="testNG_Programs.AnnotationsDemo2" time="0.109" errors="0" timestamp="2023-08-08T13:04:33 EDT" skipped="0">
  <testcase classname="testNG_Programs.AnnotationsDemo2" name="c" time="0.012"/>
  <testcase classname="testNG_Programs.AnnotationsDemo2" name="f" time="0.021"/>
  <testcase classname="testNG_Programs.AnnotationsDemo2" name="z" time="0.076"/>
</testsuite> <!-- testNG_Programs.AnnotationsDemo2 -->
