<?xml version="1.0" encoding="UTF-8"?>
<!-- Generated by org.testng.reporters.JUnitReportReporter -->
<testsuite hostname="DESKTOP-9F8V9M9" failures="0" tests="1" name="testNG_Programs.Us_megabus" time="93.632" errors="0" timestamp="2023-08-08T13:04:33 EDT" skipped="0">
  <testcase classname="testNG_Programs.Us_megabus" name="f" time="93.632"/>
</testsuite> <!-- testNG_Programs.Us_megabus -->
